0 info it worked if it ends with ok
1 verbose cli [ '/usr/bin/nodejs',
1 verbose cli   '/usr/bin/npm',
1 verbose cli   'install',
1 verbose cli   '-g',
1 verbose cli   'create-react-app' ]
2 info using npm@1.3.10
3 info using node@v0.10.25
4 verbose cache add [ 'create-react-app', null ]
5 verbose cache add name=undefined spec="create-react-app" args=["create-react-app",null]
6 verbose parsed url { protocol: null,
6 verbose parsed url   slashes: null,
6 verbose parsed url   auth: null,
6 verbose parsed url   host: null,
6 verbose parsed url   port: null,
6 verbose parsed url   hostname: null,
6 verbose parsed url   hash: null,
6 verbose parsed url   search: null,
6 verbose parsed url   query: null,
6 verbose parsed url   pathname: 'create-react-app',
6 verbose parsed url   path: 'create-react-app',
6 verbose parsed url   href: 'create-react-app' }
7 silly lockFile 12ca563e-create-react-app create-react-app
8 verbose lock create-react-app /home/usr/.npm/12ca563e-create-react-app.lock
9 silly lockFile 12ca563e-create-react-app create-react-app
10 silly lockFile 12ca563e-create-react-app create-react-app
11 verbose addNamed [ 'create-react-app', '' ]
12 verbose addNamed [ null, '*' ]
13 silly lockFile e90bd262-create-react-app create-react-app@
14 verbose lock create-react-app@ /home/usr/.npm/e90bd262-create-react-app.lock
15 silly addNameRange { name: 'create-react-app', range: '*', hasData: false }
16 verbose url raw create-react-app
17 verbose url resolving [ 'https://registry.npmjs.org/', './create-react-app' ]
18 verbose url resolved https://registry.npmjs.org/create-react-app
19 info trying registry request attempt 1 at 13:25:59
20 http GET https://registry.npmjs.org/create-react-app
21 http 200 https://registry.npmjs.org/create-react-app
22 silly registry.get cb [ 200,
22 silly registry.get   { server: 'nginx/1.10.1',
22 silly registry.get     'content-type': 'application/json',
22 silly registry.get     'last-modified': 'Sun, 13 Nov 2016 21:26:25 GMT',
22 silly registry.get     etag: '"5828da81-37e9"',
22 silly registry.get     'cache-control': 'max-age=300',
22 silly registry.get     'content-length': '14313',
22 silly registry.get     'accept-ranges': 'bytes',
22 silly registry.get     date: 'Mon, 14 Nov 2016 10:25:59 GMT',
22 silly registry.get     via: '1.1 varnish',
22 silly registry.get     age: '0',
22 silly registry.get     connection: 'keep-alive',
22 silly registry.get     'x-served-by': 'cache-fra1228-FRA',
22 silly registry.get     'x-cache': 'MISS',
22 silly registry.get     'x-cache-hits': '0',
22 silly registry.get     'x-timer': 'S1479119159.302326,VS0,VE2',
22 silly registry.get     vary: 'Accept-Encoding' } ]
23 silly addNameRange number 2 { name: 'create-react-app', range: '*', hasData: true }
24 silly addNameRange versions [ 'create-react-app',
24 silly addNameRange   [ '0.0.0',
24 silly addNameRange     '0.1.0',
24 silly addNameRange     '0.2.0-alpha.1',
24 silly addNameRange     '0.2.0',
24 silly addNameRange     '0.3.0',
24 silly addNameRange     '0.4.2',
24 silly addNameRange     '0.4.2-alpha.8f28c56e',
24 silly addNameRange     '0.5.0',
24 silly addNameRange     '0.6.0',
24 silly addNameRange     '0.6.0-alpha.e756d73a' ] ]
25 verbose addNamed [ 'create-react-app', '0.6.0' ]
26 verbose addNamed [ '0.6.0', '0.6.0' ]
27 silly lockFile 841e2d8a-create-react-app-0-6-0 create-react-app@0.6.0
28 verbose lock create-react-app@0.6.0 /home/usr/.npm/841e2d8a-create-react-app-0-6-0.lock
29 silly lockFile afa9f3be-t-app-create-react-app-0-6-0-tgz https://registry.npmjs.org/create-react-app/-/create-react-app-0.6.0.tgz
30 verbose lock https://registry.npmjs.org/create-react-app/-/create-react-app-0.6.0.tgz /home/usr/.npm/afa9f3be-t-app-create-react-app-0-6-0-tgz.lock
31 verbose addRemoteTarball [ 'https://registry.npmjs.org/create-react-app/-/create-react-app-0.6.0.tgz',
31 verbose addRemoteTarball   'e2ded0889ce7204e8a5a04f64900c9f3dcd51b8c' ]
32 info retry fetch attempt 1 at 13:25:59
33 verbose fetch to= /home/usr/tmp/npm-6337-k0UPAaIW/1479119159445-0.6539221978746355/tmp.tgz
34 http GET https://registry.npmjs.org/create-react-app/-/create-react-app-0.6.0.tgz
35 http 200 https://registry.npmjs.org/create-react-app/-/create-react-app-0.6.0.tgz
36 verbose tar unpack /home/usr/tmp/npm-6337-k0UPAaIW/1479119159445-0.6539221978746355/tmp.tgz
37 silly lockFile 420b0147-59445-0-6539221978746355-package tar:///home/usr/tmp/npm-6337-k0UPAaIW/1479119159445-0.6539221978746355/package
38 verbose lock tar:///home/usr/tmp/npm-6337-k0UPAaIW/1479119159445-0.6539221978746355/package /home/usr/.npm/420b0147-59445-0-6539221978746355-package.lock
39 silly lockFile 13f44331-59445-0-6539221978746355-tmp-tgz tar:///home/usr/tmp/npm-6337-k0UPAaIW/1479119159445-0.6539221978746355/tmp.tgz
40 verbose lock tar:///home/usr/tmp/npm-6337-k0UPAaIW/1479119159445-0.6539221978746355/tmp.tgz /home/usr/.npm/13f44331-59445-0-6539221978746355-tmp-tgz.lock
41 silly gunzTarPerm modes [ '755', '644' ]
42 silly gunzTarPerm extractEntry package.json
43 silly gunzTarPerm extractEntry README.md
44 silly gunzTarPerm extractEntry index.js
45 silly lockFile 420b0147-59445-0-6539221978746355-package tar:///home/usr/tmp/npm-6337-k0UPAaIW/1479119159445-0.6539221978746355/package
46 silly lockFile 420b0147-59445-0-6539221978746355-package tar:///home/usr/tmp/npm-6337-k0UPAaIW/1479119159445-0.6539221978746355/package
47 silly lockFile 13f44331-59445-0-6539221978746355-tmp-tgz tar:///home/usr/tmp/npm-6337-k0UPAaIW/1479119159445-0.6539221978746355/tmp.tgz
48 silly lockFile 13f44331-59445-0-6539221978746355-tmp-tgz tar:///home/usr/tmp/npm-6337-k0UPAaIW/1479119159445-0.6539221978746355/tmp.tgz
49 verbose tar pack [ '/home/usr/.npm/create-react-app/0.6.0/package.tgz',
49 verbose tar pack   '/home/usr/tmp/npm-6337-k0UPAaIW/1479119159445-0.6539221978746355/package' ]
50 verbose tarball /home/usr/.npm/create-react-app/0.6.0/package.tgz
51 verbose folder /home/usr/tmp/npm-6337-k0UPAaIW/1479119159445-0.6539221978746355/package
52 silly lockFile 420b0147-59445-0-6539221978746355-package tar:///home/usr/tmp/npm-6337-k0UPAaIW/1479119159445-0.6539221978746355/package
53 verbose lock tar:///home/usr/tmp/npm-6337-k0UPAaIW/1479119159445-0.6539221978746355/package /home/usr/.npm/420b0147-59445-0-6539221978746355-package.lock
54 silly lockFile 2c39cfe0-eate-react-app-0-6-0-package-tgz tar:///home/usr/.npm/create-react-app/0.6.0/package.tgz
55 verbose lock tar:///home/usr/.npm/create-react-app/0.6.0/package.tgz /home/usr/.npm/2c39cfe0-eate-react-app-0-6-0-package-tgz.lock
56 silly lockFile 420b0147-59445-0-6539221978746355-package tar:///home/usr/tmp/npm-6337-k0UPAaIW/1479119159445-0.6539221978746355/package
57 silly lockFile 420b0147-59445-0-6539221978746355-package tar:///home/usr/tmp/npm-6337-k0UPAaIW/1479119159445-0.6539221978746355/package
58 silly lockFile 2c39cfe0-eate-react-app-0-6-0-package-tgz tar:///home/usr/.npm/create-react-app/0.6.0/package.tgz
59 silly lockFile 2c39cfe0-eate-react-app-0-6-0-package-tgz tar:///home/usr/.npm/create-react-app/0.6.0/package.tgz
60 silly lockFile 96283d99-m-create-react-app-0-6-0-package /home/usr/.npm/create-react-app/0.6.0/package
61 verbose lock /home/usr/.npm/create-react-app/0.6.0/package /home/usr/.npm/96283d99-m-create-react-app-0-6-0-package.lock
62 silly lockFile 96283d99-m-create-react-app-0-6-0-package /home/usr/.npm/create-react-app/0.6.0/package
63 silly lockFile 96283d99-m-create-react-app-0-6-0-package /home/usr/.npm/create-react-app/0.6.0/package
64 verbose tar unpack /home/usr/.npm/create-react-app/0.6.0/package.tgz
65 silly lockFile 31982481-m-create-react-app-0-6-0-package tar:///home/usr/.npm/create-react-app/0.6.0/package
66 verbose lock tar:///home/usr/.npm/create-react-app/0.6.0/package /home/usr/.npm/31982481-m-create-react-app-0-6-0-package.lock
67 silly lockFile 2c39cfe0-eate-react-app-0-6-0-package-tgz tar:///home/usr/.npm/create-react-app/0.6.0/package.tgz
68 verbose lock tar:///home/usr/.npm/create-react-app/0.6.0/package.tgz /home/usr/.npm/2c39cfe0-eate-react-app-0-6-0-package-tgz.lock
69 silly gunzTarPerm modes [ '755', '644' ]
70 silly gunzTarPerm extractEntry package.json
71 silly gunzTarPerm extractEntry README.md
72 silly gunzTarPerm extractEntry index.js
73 silly lockFile 31982481-m-create-react-app-0-6-0-package tar:///home/usr/.npm/create-react-app/0.6.0/package
74 silly lockFile 31982481-m-create-react-app-0-6-0-package tar:///home/usr/.npm/create-react-app/0.6.0/package
75 silly lockFile 2c39cfe0-eate-react-app-0-6-0-package-tgz tar:///home/usr/.npm/create-react-app/0.6.0/package.tgz
76 silly lockFile 2c39cfe0-eate-react-app-0-6-0-package-tgz tar:///home/usr/.npm/create-react-app/0.6.0/package.tgz
77 verbose chmod /home/usr/.npm/create-react-app/0.6.0/package.tgz 644
78 verbose chown /home/usr/.npm/create-react-app/0.6.0/package.tgz [ 1000, 1000 ]
79 silly lockFile afa9f3be-t-app-create-react-app-0-6-0-tgz https://registry.npmjs.org/create-react-app/-/create-react-app-0.6.0.tgz
80 silly lockFile afa9f3be-t-app-create-react-app-0-6-0-tgz https://registry.npmjs.org/create-react-app/-/create-react-app-0.6.0.tgz
81 silly lockFile 841e2d8a-create-react-app-0-6-0 create-react-app@0.6.0
82 silly lockFile 841e2d8a-create-react-app-0-6-0 create-react-app@0.6.0
83 silly lockFile e90bd262-create-react-app create-react-app@
84 silly lockFile e90bd262-create-react-app create-react-app@
85 silly resolved [ { name: 'create-react-app',
85 silly resolved     version: '0.6.0',
85 silly resolved     keywords: [ 'react' ],
85 silly resolved     description: 'Create React apps with no build configuration.',
85 silly resolved     repository:
85 silly resolved      { type: 'git',
85 silly resolved        url: 'git://github.com/facebookincubator/create-react-app' },
85 silly resolved     license: 'BSD-3-Clause',
85 silly resolved     engines: { node: '>=4' },
85 silly resolved     bugs: { url: 'https://github.com/facebookincubator/create-react-app/issues' },
85 silly resolved     files: [ 'index.js' ],
85 silly resolved     bin: { 'create-react-app': './index.js' },
85 silly resolved     dependencies:
85 silly resolved      { chalk: '^1.1.1',
85 silly resolved        'cross-spawn': '^4.0.0',
85 silly resolved        minimist: '^1.2.0',
85 silly resolved        'path-exists': '^2.1.0',
85 silly resolved        semver: '^5.0.3' },
85 silly resolved     readme: '# create-react-app\n\nThis package includes the global command for [Create React App](https://github.com/facebookincubator/create-react-app).  \nPlease refer to its documentation:\n\n* [Getting Started](https://github.com/facebookincubator/create-react-app/blob/master/README.md#getting-started) – How to create a new app.\n* [User Guide](https://github.com/facebookincubator/create-react-app/blob/master/packages/react-scripts/template/README.md) – How to develop apps bootstrapped with Create React App.\n',
85 silly resolved     readmeFilename: 'README.md',
85 silly resolved     _id: 'create-react-app@0.6.0',
85 silly resolved     dist: { shasum: 'a3a96f783f21b17f27bc57a05338f1f7342a633c' },
85 silly resolved     _from: 'create-react-app@',
85 silly resolved     _resolved: 'https://registry.npmjs.org/create-react-app/-/create-react-app-0.6.0.tgz' } ]
86 info install create-react-app@0.6.0 into /usr/local/lib
87 info installOne create-react-app@0.6.0
88 warn engine create-react-app@0.6.0: wanted: {"node":">=4"} (current: {"node":"v0.10.25","npm":"1.3.10"})
89 info /usr/local/lib/node_modules/create-react-app unbuild
90 verbose tar unpack /home/usr/.npm/create-react-app/0.6.0/package.tgz
91 silly lockFile 1a9bb118-ib-node-modules-create-react-app tar:///usr/local/lib/node_modules/create-react-app
92 verbose lock tar:///usr/local/lib/node_modules/create-react-app /home/usr/.npm/1a9bb118-ib-node-modules-create-react-app.lock
93 silly lockFile 2c39cfe0-eate-react-app-0-6-0-package-tgz tar:///home/usr/.npm/create-react-app/0.6.0/package.tgz
94 verbose lock tar:///home/usr/.npm/create-react-app/0.6.0/package.tgz /home/usr/.npm/2c39cfe0-eate-react-app-0-6-0-package-tgz.lock
95 silly gunzTarPerm modes [ '755', '644' ]
96 error Error: EACCES, mkdir '/usr/local/lib/node_modules'
96 error  { [Error: EACCES, mkdir '/usr/local/lib/node_modules']
96 error   errno: 3,
96 error   code: 'EACCES',
96 error   path: '/usr/local/lib/node_modules',
96 error   fstream_type: 'Directory',
96 error   fstream_path: '/usr/local/lib/node_modules/create-react-app',
96 error   fstream_class: 'DirWriter',
96 error   fstream_stack:
96 error    [ '/usr/lib/nodejs/fstream/lib/writer.js:171:23',
96 error      '/usr/lib/nodejs/mkdirp/index.js:37:53',
96 error      'Object.oncomplete (fs.js:107:15)' ] }
97 error Please try running this command again as root/Administrator.
98 error System Linux 3.19.0-56-generic
99 error command "/usr/bin/nodejs" "/usr/bin/npm" "install" "-g" "create-react-app"
100 error cwd /home/usr/dev/webprof
101 error node -v v0.10.25
102 error npm -v 1.3.10
103 error path /usr/local/lib/node_modules
104 error fstream_path /usr/local/lib/node_modules/create-react-app
105 error fstream_type Directory
106 error fstream_class DirWriter
107 error code EACCES
108 error errno 3
109 error stack Error: EACCES, mkdir '/usr/local/lib/node_modules'
110 error fstream_stack /usr/lib/nodejs/fstream/lib/writer.js:171:23
110 error fstream_stack /usr/lib/nodejs/mkdirp/index.js:37:53
110 error fstream_stack Object.oncomplete (fs.js:107:15)
111 verbose exit [ 3, true ]
